MPASM  5.51                 MDTERMPROJECT.ASM   11-27-2020  20:40:19         PAGE  1


LOC  OBJECT CODE     LINE SOURCE TEXT
  VALUE

                      00001                                 #include<p18F4550.inc>
                      00001         LIST
                      00002 
                      00003 ;==========================================================================
                      00004 ;  MPASM PIC18F4550 processor include
                      00005 ; 
                      00006 ;  (c) Copyright 1999-2013 Microchip Technology, All rights reserved
                      00007 ;==========================================================================
                      00008 
                      01764         LIST
                      00002 
  00000000            00003 LOOP_CNT                SET     0x00
  00000001            00004 LOOP_CNT1               SET     0x01
                      00005 
                      00006                                 org     0x00
000000 EF?? F???      00007                                 goto start
                      00008                                 org     0x08
000008 0010           00009                                 retfie
                      00010                                 org     0x18
000018 0010           00011                                 retfie
                      00012                         
                      00013 dup_nop                 macro hh
                      00014                                 variable        i
                      00015 i       =       0
                      00016                                 while   i       <       hh
                      00017                                 nop
                      00018 i       +=      1
                      00019                                 endw
                      00020                                 endm
                      00021 
                      00022 ;==============================================================
                      00023 ;SUBROUTINE FOR name
                      00024 ;==============================================================
00001A EC?? F???      00025 DISPLYHAZIRAH   CALL    DISPLAY
00001E 0E48           00026                                 MOVLW   D'72'  ;DISPLAY H
000020 6E83           00027                                 MOVWF   PORTD,A
000022 EC?? F???      00028                                 CALL    DSPLYDATA
000026 0E41           00029                                 MOVLW   D'65'  ;DISPLAY A
000028 6E83           00030                                 MOVWF   PORTD,A
00002A EC?? F???      00031                                 CALL    DSPLYDATA
00002E 0E5A           00032                                 MOVLW   D'90'   ;DISPLAY Z
000030 6E83           00033                                 MOVWF   PORTD,A
000032 EC?? F???      00034                                 CALL    DSPLYDATA
000036 0E49           00035                                 MOVLW   D'73'   ;DISPLAY I
000038 6E83           00036                                 MOVWF   PORTD,A
00003A EC?? F???      00037                                 CALL    DSPLYDATA
00003E 0E52           00038                                 MOVLW   D'82'  ;DISPLAY R
000040 6E83           00039                                 MOVWF   PORTD,A
000042 EC?? F???      00040                                 CALL    DSPLYDATA
000046 0E41           00041                                 MOVLW   D'65'  ;DISPLAY A
000048 6E83           00042                                 MOVWF   PORTD,A
00004A EC?? F???      00043                                 CALL    DSPLYDATA
00004E 0E48           00044                                 MOVLW   D'72'  ;DISPLAY H
MPASM  5.51                 MDTERMPROJECT.ASM   11-27-2020  20:40:19         PAGE  2


LOC  OBJECT CODE     LINE SOURCE TEXT
  VALUE

000050 6E83           00045                                 MOVWF   PORTD,A
000052 EC?? F???      00046                                 CALL    DSPLYDATA
000056 0012           00047                                 RETURN
                      00048 
                      00049 ;==============================================================
                      00050 ;SUBROUTINE FOR DISPLAY ID
                      00051 ;============================================================== 
000058 EC?? F???      00052 DISPLYID                CALL    DISPLAY
00005C 0E44           00053                                 MOVLW   D'68'  ;DISPLAY D
00005E 6E83           00054                                 MOVWF   PORTD,A
                      00055 
000060 EC?? F???      00056                                 CALL    DSPLYDATA
000064 0E45           00057                                 MOVLW   D'69'  ;DISPLAY E
000066 6E83           00058                                 MOVWF   PORTD,A
                      00059 
000068 EC?? F???      00060                                 CALL    DSPLYDATA
00006C 0E39           00061                                 MOVLW   D'57'  ;DISPLAY 9
00006E 6E83           00062                                 MOVWF   PORTD,A
                      00063 
000070 EC?? F???      00064                                 CALL    DSPLYDATA
000074 0E36           00065                                 MOVLW   D'54'  ;DISPLAY 6
000076 6E83           00066                                 MOVWF   PORTD,A
                      00067 
000078 EC?? F???      00068                                 CALL    DSPLYDATA
00007C 0E35           00069                                 MOVLW   D'53'  ;DISPLAY 5
00007E 6E83           00070                                 MOVWF   PORTD,A
                      00071 
000080 EC?? F???      00072                                 CALL    DSPLYDATA
000084 0E36           00073                                 MOVLW   D'54'  ;DISPLAY 6
000086 6E83           00074                                 MOVWF   PORTD,A
                      00075 
000088 EC?? F???      00076                                 CALL    DSPLYDATA
00008C 0E30           00077                                 MOVLW   D'48'  ;DISPLAY 0
00008E 6E83           00078                                 MOVWF   PORTD,A
000090 EC?? F???      00079                                 CALL    DSPLYDATA
000094 0012           00080                                 RETURN  
                      00081 ;==============================================================
                      00082 ;SUBROUTINE FOR SET CMMAND
                      00083 ;============================================================== 
000096 0E38           00084 WRITECMD                MOVLW   0x38                                    ;CONFIGURE 2 LINES AND 5x7 MATRI
                            X
000098 6E83           00085                                 MOVWF   PORTD
00009A EC?? F???      00086                                 CALL    SETCMD
00009E 0E0E           00087                                 MOVLW   0x0E                                    ;TURN ON DISPLAY WITH CU
                            RSOR
0000A0 6E83           00088                                 MOVWF   PORTD
0000A2 EC?? F???      00089                                 CALL    SETCMD
0000A6 0E01           00090 DISPLAY                 MOVLW   0x01                                     ;CLEAR SCREEN/DISPLAY
0000A8 6E83           00091                                 MOVWF   PORTD
0000AA EC?? F???      00092                                 CALL    SETCMD
0000AE 0012           00093                                 RETURN
                      00094         
                      00095 ;==============================================================
MPASM  5.51                 MDTERMPROJECT.ASM   11-27-2020  20:40:19         PAGE  3


LOC  OBJECT CODE     LINE SOURCE TEXT
  VALUE

                      00096 ;SUBROUTINE FOR 1 SEC DELAY
                      00097 ;==============================================================
0000B0 0EFA           00098 DELAYSEC                MOVLW   D'250'
0000B2 6E01           00099                                 MOVWF   LOOP_CNT1,A
0000B4 0EC8           00100 AGAIN                   MOVLW   D'200'      ;20MHz
0000B6 6E00           00101                                 MOVWF   LOOP_CNT,A
                      00102 AGAIN1                  dup_nop D'97'
  0000                    M                                 variable        i
  00000000                M i       =       0
                          M                                 while   i       <       D'97'
0000B8 0000               M                                 nop
  00000001                M i       +=      1
0000BA 0000               M                                 nop
  00000002                M i       +=      1
0000BC 0000               M                                 nop
  00000003                M i       +=      1
0000BE 0000               M                                 nop
  00000004                M i       +=      1
0000C0 0000               M                                 nop
  00000005                M i       +=      1
0000C2 0000               M                                 nop
  00000006                M i       +=      1
0000C4 0000               M                                 nop
  00000007                M i       +=      1
0000C6 0000               M                                 nop
  00000008                M i       +=      1
0000C8 0000               M                                 nop
  00000009                M i       +=      1
0000CA 0000               M                                 nop
  0000000A                M i       +=      1
0000CC 0000               M                                 nop
  0000000B                M i       +=      1
0000CE 0000               M                                 nop
  0000000C                M i       +=      1
0000D0 0000               M                                 nop
  0000000D                M i       +=      1
0000D2 0000               M                                 nop
  0000000E                M i       +=      1
0000D4 0000               M                                 nop
  0000000F                M i       +=      1
0000D6 0000               M                                 nop
  00000010                M i       +=      1
0000D8 0000               M                                 nop
  00000011                M i       +=      1
0000DA 0000               M                                 nop
  00000012                M i       +=      1
0000DC 0000               M                                 nop
  00000013                M i       +=      1
0000DE 0000               M                                 nop
  00000014                M i       +=      1
0000E0 0000               M                                 nop
  00000015                M i       +=      1
0000E2 0000               M                                 nop
MPASM  5.51                 MDTERMPROJECT.ASM   11-27-2020  20:40:19         PAGE  4


LOC  OBJECT CODE     LINE SOURCE TEXT
  VALUE

  00000016                M i       +=      1
0000E4 0000               M                                 nop
  00000017                M i       +=      1
0000E6 0000               M                                 nop
  00000018                M i       +=      1
0000E8 0000               M                                 nop
  00000019                M i       +=      1
0000EA 0000               M                                 nop
  0000001A                M i       +=      1
0000EC 0000               M                                 nop
  0000001B                M i       +=      1
0000EE 0000               M                                 nop
  0000001C                M i       +=      1
0000F0 0000               M                                 nop
  0000001D                M i       +=      1
0000F2 0000               M                                 nop
  0000001E                M i       +=      1
0000F4 0000               M                                 nop
  0000001F                M i       +=      1
0000F6 0000               M                                 nop
  00000020                M i       +=      1
0000F8 0000               M                                 nop
  00000021                M i       +=      1
0000FA 0000               M                                 nop
  00000022                M i       +=      1
0000FC 0000               M                                 nop
  00000023                M i       +=      1
0000FE 0000               M                                 nop
  00000024                M i       +=      1
000100 0000               M                                 nop
  00000025                M i       +=      1
000102 0000               M                                 nop
  00000026                M i       +=      1
000104 0000               M                                 nop
  00000027                M i       +=      1
000106 0000               M                                 nop
  00000028                M i       +=      1
000108 0000               M                                 nop
  00000029                M i       +=      1
00010A 0000               M                                 nop
  0000002A                M i       +=      1
00010C 0000               M                                 nop
  0000002B                M i       +=      1
00010E 0000               M                                 nop
  0000002C                M i       +=      1
000110 0000               M                                 nop
  0000002D                M i       +=      1
000112 0000               M                                 nop
  0000002E                M i       +=      1
000114 0000               M                                 nop
  0000002F                M i       +=      1
000116 0000               M                                 nop
  00000030                M i       +=      1
MPASM  5.51                 MDTERMPROJECT.ASM   11-27-2020  20:40:19         PAGE  5


LOC  OBJECT CODE     LINE SOURCE TEXT
  VALUE

000118 0000               M                                 nop
  00000031                M i       +=      1
00011A 0000               M                                 nop
  00000032                M i       +=      1
00011C 0000               M                                 nop
  00000033                M i       +=      1
00011E 0000               M                                 nop
  00000034                M i       +=      1
000120 0000               M                                 nop
  00000035                M i       +=      1
000122 0000               M                                 nop
  00000036                M i       +=      1
000124 0000               M                                 nop
  00000037                M i       +=      1
000126 0000               M                                 nop
  00000038                M i       +=      1
000128 0000               M                                 nop
  00000039                M i       +=      1
00012A 0000               M                                 nop
  0000003A                M i       +=      1
00012C 0000               M                                 nop
  0000003B                M i       +=      1
00012E 0000               M                                 nop
  0000003C                M i       +=      1
000130 0000               M                                 nop
  0000003D                M i       +=      1
000132 0000               M                                 nop
  0000003E                M i       +=      1
000134 0000               M                                 nop
  0000003F                M i       +=      1
000136 0000               M                                 nop
  00000040                M i       +=      1
000138 0000               M                                 nop
  00000041                M i       +=      1
00013A 0000               M                                 nop
  00000042                M i       +=      1
00013C 0000               M                                 nop
  00000043                M i       +=      1
00013E 0000               M                                 nop
  00000044                M i       +=      1
000140 0000               M                                 nop
  00000045                M i       +=      1
000142 0000               M                                 nop
  00000046                M i       +=      1
000144 0000               M                                 nop
  00000047                M i       +=      1
000146 0000               M                                 nop
  00000048                M i       +=      1
000148 0000               M                                 nop
  00000049                M i       +=      1
00014A 0000               M                                 nop
  0000004A                M i       +=      1
00014C 0000               M                                 nop
MPASM  5.51                 MDTERMPROJECT.ASM   11-27-2020  20:40:19         PAGE  6


LOC  OBJECT CODE     LINE SOURCE TEXT
  VALUE

  0000004B                M i       +=      1
00014E 0000               M                                 nop
  0000004C                M i       +=      1
000150 0000               M                                 nop
  0000004D                M i       +=      1
000152 0000               M                                 nop
  0000004E                M i       +=      1
000154 0000               M                                 nop
  0000004F                M i       +=      1
000156 0000               M                                 nop
  00000050                M i       +=      1
000158 0000               M                                 nop
  00000051                M i       +=      1
00015A 0000               M                                 nop
  00000052                M i       +=      1
00015C 0000               M                                 nop
  00000053                M i       +=      1
00015E 0000               M                                 nop
  00000054                M i       +=      1
000160 0000               M                                 nop
  00000055                M i       +=      1
000162 0000               M                                 nop
  00000056                M i       +=      1
000164 0000               M                                 nop
  00000057                M i       +=      1
000166 0000               M                                 nop
  00000058                M i       +=      1
000168 0000               M                                 nop
  00000059                M i       +=      1
00016A 0000               M                                 nop
  0000005A                M i       +=      1
00016C 0000               M                                 nop
  0000005B                M i       +=      1
00016E 0000               M                                 nop
  0000005C                M i       +=      1
000170 0000               M                                 nop
  0000005D                M i       +=      1
000172 0000               M                                 nop
  0000005E                M i       +=      1
000174 0000               M                                 nop
  0000005F                M i       +=      1
000176 0000               M                                 nop
  00000060                M i       +=      1
000178 0000               M                                 nop
  00000061                M i       +=      1
                          M                                 endw
00017A 2E00           00103                                 DECFSZ  LOOP_CNT,F,A
00017C D???           00104                                 BRA     AGAIN1
00017E 2E01           00105                                 DECFSZ  LOOP_CNT1,F,A
000180 D???           00106                                 BRA AGAIN
000182 0012           00107                                 RETURN
                      00108 ;==============================================================
                      00109 ;SUBROUTINE FOR KEYPAD
MPASM  5.51                 MDTERMPROJECT.ASM   11-27-2020  20:40:19         PAGE  7


LOC  OBJECT CODE     LINE SOURCE TEXT
  VALUE

                      00110 ;==============================================================
000184 EC?? F???      00111 DISPKEY                 CALL    INPUTKEY
                      00112                                 
                      00113 
000188 EC?? F???      00114 ZERO                    CALL    CONFD
00018C A281           00115                                 BTFSS   PORTB,1,A
00018E D???           00116                                 BRA             ONE
000190 EC?? F???      00117                                 CALL    SHOW0   
                      00118 
000194 EC?? F???      00119 ONE                             CALL    CONFA
000198 A081           00120                                 BTFSS   PORTB,0,A
00019A D???           00121                                 BRA             TWO
00019C EC?? F???      00122                                 CALL    SHOW1
                      00123 
0001A0 EC?? F???      00124 TWO                             CALL    CONFA
0001A4 A281           00125                                 BTFSS   PORTB,1,A
0001A6 D???           00126                                 BRA             THREE
0001A8 EC?? F???      00127                                 CALL    SHOW2
                      00128 
0001AC EC?? F???      00129 THREE                   CALL    CONFA
0001B0 A481           00130                                 BTFSS   PORTB,2,A
0001B2 D???           00131                                 BRA             FOUR
0001B4 EC?? F???      00132                                 CALL    SHOW3
                      00133                                 
0001B8 EC?? F???      00134 FOUR                    CALL    CONFB
0001BC A081           00135                                 BTFSS   PORTB,0,A
0001BE D???           00136                                 BRA             FIVE
0001C0 EC?? F???      00137                                 CALL    SHOW4
                      00138         
0001C4 EC?? F???      00139 FIVE                    CALL    CONFB
0001C8 A281           00140                                 BTFSS   PORTB,1,A
0001CA D???           00141                                 BRA             SIX
0001CC EC?? F???      00142                                 CALL    SHOW5
                      00143         
0001D0 EC?? F???      00144 SIX                             CALL    CONFB
0001D4 A481           00145                                 BTFSS   PORTB,2,A
0001D6 D???           00146                                 BRA             SEVEN
0001D8 EC?? F???      00147                                 CALL    SHOW6
                      00148         
0001DC EC?? F???      00149 SEVEN                   CALL    CONFC
0001E0 A081           00150                                 BTFSS   PORTB,0,A
0001E2 D???           00151                                 BRA             EIGHT
0001E4 EC?? F???      00152                                 CALL    SHOW7
                      00153         
0001E8 EC?? F???      00154 EIGHT                   CALL    CONFC
0001EC A281           00155                                 BTFSS   PORTB,1,A
0001EE D???           00156                                 BRA             NINE
0001F0 EC?? F???      00157                                 CALL    SHOW8
                      00158         
0001F4 EC?? F???      00159 NINE                    CALL    CONFC
0001F8 A481           00160                                 BTFSS   PORTB,2,A
0001FA D???           00161                                 BRA             STAR
0001FC EC?? F???      00162                                 CALL    SHOW9
MPASM  5.51                 MDTERMPROJECT.ASM   11-27-2020  20:40:19         PAGE  8


LOC  OBJECT CODE     LINE SOURCE TEXT
  VALUE

                      00163         
000200 EC?? F???      00164 STAR                    CALL    CONFD
000204 A081           00165                                 BTFSS   PORTB,0,A
000206 D???           00166                                 BRA             TAG
000208 EC?? F???      00167                                 CALL    SHOWSTAR
                      00168 
00020C EC?? F???      00169 TAG                             CALL    CONFD
000210 A481           00170                                 BTFSS   PORTB,2,A
000212 D???           00171                                 BRA             ZERO
000214 EC?? F???      00172                                 CALL    SHOWTAG
000218 0012           00173                                 RETURN
                      00174         
                      00175 ;==============================================================
                      00176 ;SUBROUTINE FOR CONFIGURATION KEYPAD
                      00177 ;==============================================================
00021A 8681           00178 CONFA                   BSF     PORTB,3,A
00021C 9881           00179                                 BCF     PORTB,4,A
00021E 9A81           00180                                 BCF     PORTB,5,A
000220 9C81           00181                                 BCF     PORTB,6,A
000222 0012           00182                                 RETURN
                      00183 
000224 9681           00184 CONFB                   BCF     PORTB,3,A
000226 8881           00185                                 BSF     PORTB,4,A
000228 9A81           00186                                 BCF     PORTB,5,A
00022A 9C81           00187                                 BCF     PORTB,6,A
00022C 0012           00188                                 RETURN
                      00189 
00022E 9681           00190 CONFC                   BCF     PORTB,3,A
000230 9881           00191                                 BCF     PORTB,4,A
000232 8A81           00192                                 BSF     PORTB,5,A
000234 9C81           00193                                 BCF     PORTB,6,A
000236 0012           00194                                 RETURN
                      00195 
000238 9681           00196 CONFD                   BCF     PORTB,3,A
00023A 9881           00197                                 BCF     PORTB,4,A
00023C 9A81           00198                                 BCF     PORTB,5,A
00023E 8C81           00199                                 BSF     PORTB,6,A
000240 0012           00200                                 RETURN
                      00201 
                      00202 ;==============================================================
                      00203 ;SUBROUTINE FOR LCD CONFIGURATION (SECOND LINE)
                      00204 ;==============================================================
000242 0EC0           00205 SECONDLINE              MOVLW   0xC0
000244 6E83           00206                                 MOVWF   PORTD,A
000246 EC?? F???      00207                                 CALL    SETCMD
00024A 0012           00208                                 RETURN
                      00209 ;==============================================================
                      00210 ;SUBROUTINE NUMBER FROM 0-#
                      00211 ;==============================================================
00024C EC?? F???      00212 SHOW0                   CALL    DISPLAY
000250 EC?? F???      00213                                 CALL    SECONDLINE
000254 0E30           00214                                 MOVLW   D'48'
000256 6E83           00215                                 MOVWF   PORTD,A
MPASM  5.51                 MDTERMPROJECT.ASM   11-27-2020  20:40:19         PAGE  9


LOC  OBJECT CODE     LINE SOURCE TEXT
  VALUE

000258 EC?? F???      00216                                 CALL    DSPLYDATA
00025C 0012           00217                                 RETURN
                      00218 
00025E EC?? F???      00219 SHOW1                   CALL    DISPLAY
000262 EC?? F???      00220                                 CALL    SECONDLINE
000266 0E31           00221                                 MOVLW   D'49'
000268 6E83           00222                                 MOVWF   PORTD,A
00026A EC?? F???      00223                                 CALL    DSPLYDATA
00026E 0012           00224                                 RETURN
                      00225 
000270 EC?? F???      00226 SHOW2                   CALL    DISPLAY 
000274 EC?? F???      00227                                 CALL    SECONDLINE      
000278 0E32           00228                                 MOVLW   D'50'
00027A 6E83           00229                                 MOVWF   PORTD,A
00027C EC?? F???      00230                                 CALL    DSPLYDATA
000280 0012           00231                                 RETURN
                      00232 
000282 EC?? F???      00233 SHOW3                   CALL    DISPLAY
000286 EC?? F???      00234                                 CALL    SECONDLINE
00028A 0E33           00235                                 MOVLW   D'51'
00028C 6E83           00236                                 MOVWF   PORTD,A
00028E EC?? F???      00237                                 CALL    DSPLYDATA
000292 0012           00238                                 RETURN
                      00239 
000294 EC?? F???      00240 SHOW4                   CALL    DISPLAY
000298 0E34           00241                                 MOVLW   D'52'
00029A 6E83           00242                                 MOVWF   PORTD,A
00029C EC?? F???      00243                                 CALL    DSPLYDATA
0002A0 0012           00244                                 RETURN
                      00245 
0002A2 EC?? F???      00246 SHOW5                   CALL    DISPLAY
0002A6 EC?? F???      00247                                 CALL    SECONDLINE
0002AA 0E35           00248                                 MOVLW   D'53'
0002AC 6E83           00249                                 MOVWF   PORTD,A
0002AE EC?? F???      00250                                 CALL    DSPLYDATA
0002B2 0012           00251                                 RETURN
                      00252 
0002B4 EC?? F???      00253 SHOW6                   CALL    DISPLAY
0002B8 EC?? F???      00254                                 CALL    SECONDLINE
0002BC 0E36           00255                                 MOVLW   D'54'
0002BE 6E83           00256                                 MOVWF   PORTD,A
0002C0 EC?? F???      00257                                 CALL    DSPLYDATA
0002C4 0012           00258                                 RETURN
                      00259 
0002C6 EC?? F???      00260 SHOW7                   CALL    DISPLAY 
0002CA EC?? F???      00261                                 CALL    SECONDLINE      
0002CE 0E37           00262                                 MOVLW   D'55'
0002D0 6E83           00263                                 MOVWF   PORTD,A
0002D2 EC?? F???      00264                                 CALL    DSPLYDATA
0002D6 0012           00265                                 RETURN
                      00266 
0002D8 EC?? F???      00267 SHOW8                   CALL    DISPLAY
0002DC EC?? F???      00268                                 CALL    SECONDLINE
MPASM  5.51                 MDTERMPROJECT.ASM   11-27-2020  20:40:19         PAGE 10


LOC  OBJECT CODE     LINE SOURCE TEXT
  VALUE

0002E0 0E38           00269                                 MOVLW   D'56'
0002E2 6E83           00270                                 MOVWF   PORTD,A
0002E4 EC?? F???      00271                                 CALL    DSPLYDATA
0002E8 0012           00272                                 RETURN
                      00273 
0002EA EC?? F???      00274 SHOW9                   CALL    DISPLAY
0002EE EC?? F???      00275                                 CALL    SECONDLINE
0002F2 0E39           00276                                 MOVLW   D'57'
0002F4 6E83           00277                                 MOVWF   PORTD,A
0002F6 EC?? F???      00278                                 CALL    DSPLYDATA
0002FA 0012           00279                                 RETURN
                      00280 
0002FC EC?? F???      00281 SHOWSTAR                CALL    DISPLAY
000300 EC?? F???      00282                                 CALL    SECONDLINE
000304 0E2A           00283                                 MOVLW   D'42'
000306 6E83           00284                                 MOVWF   PORTD,A
000308 EC?? F???      00285                                 CALL    DSPLYDATA
00030C 0012           00286                                 RETURN
                      00287 
00030E EC?? F???      00288 SHOWTAG                 CALL    DISPLAY 
000312 EC?? F???      00289                                 CALL    SECONDLINE      
000316 0E23           00290                                 MOVLW   D'35'
000318 6E83           00291                                 MOVWF   PORTD,A
00031A EC?? F???      00292                                 CALL    DSPLYDATA
00031E 0012           00293                                 RETURN
                      00294 
                      00295 
                      00296 ;==============================================================
                      00297 ;SUBROUTINE FOR KEYPAD INPUT
                      00298 ;==============================================================
000320 0E0E           00299 INPUTKEY                MOVLW   B'00001110'
000322 6E93           00300                                 MOVWF   TRISB,A
000324 0012           00301                                 RETURN
                      00302 ;==============================================================
                      00303 ;SUBROUTINE FOR LCD DATA (SEND DATA)    
                      00304 ;==============================================================
000326 8882           00305 DSPLYDATA               BSF     PORTC,4,A       ;RS=1
000328 9A82           00306                                 BCF     PORTC,5,A       ;RW=0
00032A 8C82           00307                                 BSF     PORTC,6,A       ;E=1
00032C EC?? F???      00308                                 CALL    DELAYSEC
000330 9C82           00309                                 BCF     PORTC,6,A
000332 0012           00310                                 RETURN
                      00311                                 
                      00312 ;==============================================================
                      00313 ;SUBROUTINE FOR LCD COMMAND
                      00314 ;==============================================================
000334 9882           00315 SETCMD                  BCF     PORTC,4,A       ;RS=0
000336 9A82           00316                                 BCF     PORTC,5,A       ;RW=0
000338 8C82           00317                                 BSF     PORTC,6,A       ;E=1
00033A EC?? F???      00318                                 CALL    DELAYSEC
00033E 9C82           00319                                 BCF     PORTC,6,A
000340 0012           00320                                 RETURN
                      00321 
MPASM  5.51                 MDTERMPROJECT.ASM   11-27-2020  20:40:19         PAGE 11


LOC  OBJECT CODE     LINE SOURCE TEXT
  VALUE

                      00322 ;==============================================================
                      00323 ;main program
                      00324 ;==============================================================
000342 0E0E           00325 start                   MOVLW   B'00001110'
000344 6E94           00326                                 MOVWF   TRISC,A
000346 6A95           00327                                 CLRF    TRISD,A
000348 6A93           00328                                 CLRF    TRISB,A
00034A 6A93           00329                                 CLRF    TRISB,A
00034C EC?? F???      00330                                 CALL    WRITECMD
                      00331                                 
                      00332                         
000350 A282           00333 CHECK                   BTFSS   PORTC,1,A  
000352 D???           00334                                 BRA             CHECK1                  
000354 EC?? F???      00335                                 CALL    DISPLYHAZIRAH                   
000358 A082           00336 CHECK1                  BTFSS   PORTC,0,A 
00035A D???           00337                                 BRA             CHECK
00035C EC?? F???      00338                                 CALL    DISPLYID        
000360 EC?? F???      00339 CHECK2                  CALL    DISPKEY
000364 D???           00340                                 BRA             CHECK
                      00341 
                      00342                                 
                      00343                                 END
MPASM  5.51                 MDTERMPROJECT.ASM   11-27-2020  20:40:19         PAGE 12


SYMBOL TABLE
  LABEL                             VALUE 

A                                 00000000
ABDEN                             00000000
ABDOVF                            00000007
ACCESS                            00000000
ACKDT                             00000005
ACKEN                             00000004
ACKSTAT                           00000006
ACQT0                             00000003
ACQT1                             00000004
ACQT2                             00000005
ACTVIE                            00000002
ACTVIF                            00000002
ADCON0                            00000FC2
ADCON1                            00000FC1
ADCON2                            00000FC0
ADCS0                             00000000
ADCS1                             00000001
ADCS2                             00000002
ADDEN                             00000003
ADDR0                             00000000
ADDR1                             00000001
ADDR2                             00000002
ADDR3                             00000003
ADDR4                             00000004
ADDR5                             00000005
ADDR6                             00000006
ADEN                              00000003
ADFM                              00000007
ADIE                              00000006
ADIF                              00000006
ADIP                              00000006
ADON                              00000000
ADRES                             00000FC3
ADRESH                            00000FC4
ADRESL                            00000FC3
AGAIN                             000000B4
AGAIN1                            000000B8
AN0                               00000000
AN1                               00000001
AN2                               00000002
AN3                               00000003
AN4                               00000005
BANKED                            00000001
BAUDCON                           00000FB8
BAUDCTL                           00000FB8
BCLIE                             00000003
BCLIF                             00000003
BCLIP                             00000003
BF                                00000000
BGST                              00000005
BOR                               00000000
BRG16                             00000003
BRGH                              00000002
MPASM  5.51                 MDTERMPROJECT.ASM   11-27-2020  20:40:19         PAGE 13


SYMBOL TABLE
  LABEL                             VALUE 

BSR                               00000FE0
BTOEE                             00000004
BTOEF                             00000004
BTSEE                             00000007
BTSEF                             00000007
C                                 00000000
C1INV                             00000004
C1OUT                             00000006
C2INV                             00000005
C2OUT                             00000007
CCP1                              00000002
CCP1AS                            00000FB6
CCP1CON                           00000FBD
CCP1DEL                           00000FB7
CCP1IE                            00000002
CCP1IF                            00000002
CCP1IP                            00000002
CCP1M0                            00000000
CCP1M1                            00000001
CCP1M2                            00000002
CCP1M3                            00000003
CCP2CON                           00000FBA
CCP2IE                            00000000
CCP2IF                            00000000
CCP2IP                            00000000
CCP2M0                            00000000
CCP2M1                            00000001
CCP2M2                            00000002
CCP2M3                            00000003
CCPR1                             00000FBE
CCPR1H                            00000FBF
CCPR1L                            00000FBE
CCPR2                             00000FBB
CCPR2H                            00000FBC
CCPR2L                            00000FBB
CFGS                              00000006
CHECK                             00000350
CHECK1                            00000358
CHECK2                            00000360
CHS0                              00000002
CHS1                              00000003
CHS2                              00000004
CHS3                              00000005
CIS                               00000003
CK                                00000006
CK1SPP                            00000000
CK2SPP                            00000001
CKE                               00000006
CKP                               00000004
CLK1EN                            00000004
CLKCFG0                           00000006
CLKCFG1                           00000007
CM0                               00000000
MPASM  5.51                 MDTERMPROJECT.ASM   11-27-2020  20:40:19         PAGE 14


SYMBOL TABLE
  LABEL                             VALUE 

CM1                               00000001
CM2                               00000002
CMCON                             00000FB4
CMIE                              00000006
CMIF                              00000006
CMIP                              00000006
CONFA                             0000021A
CONFB                             00000224
CONFC                             0000022E
CONFD                             00000238
CRC16EE                           00000002
CRC16EF                           00000002
CRC5EE                            00000001
CRC5EF                            00000001
CREN                              00000004
CSEN                              00000005
CSRC                              00000007
CVR0                              00000000
CVR1                              00000001
CVR2                              00000002
CVR3                              00000003
CVRCON                            00000FB5
CVREF                             00000004
CVREN                             00000007
CVROE                             00000006
CVRR                              00000005
CVRSS                             00000004
D                                 00000005
DATA_ADDRESS                      00000005
DC                                00000001
DC1B0                             00000004
DC1B1                             00000005
DC2B0                             00000004
DC2B1                             00000005
DDRA                              TRISA
DDRB                              TRISB
DDRC                              TRISC
DDRD                              TRISD
DDRE                              TRISE
DELAYSEC                          000000B0
DFN8EE                            00000003
DFN8EF                            00000003
DIR                               00000002
DISPKEY                           00000184
DISPLAY                           000000A6
DISPLYHAZIRAH                     0000001A
DISPLYID                          00000058
DONE                              00000001
DSPLYDATA                         00000326
D_A                               00000005
D_NOT_A                           00000005
ECCP1AS                           00000FB6
ECCP1CON                          00000FBD
MPASM  5.51                 MDTERMPROJECT.ASM   11-27-2020  20:40:19         PAGE 15


SYMBOL TABLE
  LABEL                             VALUE 

ECCP1DEL                          00000FB7
ECCPAS0                           00000004
ECCPAS1                           00000005
ECCPAS2                           00000006
ECCPASE                           00000007
EEADR                             00000FA9
EECON1                            00000FA6
EECON2                            00000FA7
EEDATA                            00000FA8
EEIE                              00000004
EEIF                              00000004
EEIP                              00000004
EEPGD                             00000007
EIGHT                             000001E8
ENDP0                             00000003
ENDP1                             00000004
ENDP2                             00000005
ENDP3                             00000006
EPCONDIS                          00000003
EPHSHK                            00000004
EPINEN                            00000001
EPOUTEN                           00000002
EPSTALL                           00000000
FAST                              00000001
FERR                              00000002
FIVE                              000001C4
FLTS                              00000002
FOUR                              000001B8
FREE                              00000004
FRM0                              00000000
FRM1                              00000001
FRM10                             00000002
FRM2                              00000002
FRM3                              00000003
FRM4                              00000004
FRM5                              00000005
FRM6                              00000006
FRM7                              00000007
FRM8                              00000000
FRM9                              00000001
FSEN                              00000002
FSR0                              00000000
FSR0H                             00000FEA
FSR0L                             00000FE9
FSR1                              00000001
FSR1H                             00000FE2
FSR1L                             00000FE1
FSR2                              00000002
FSR2H                             00000FDA
FSR2L                             00000FD9
GCEN                              00000007
GIE                               00000007
GIEH                              00000007
MPASM  5.51                 MDTERMPROJECT.ASM   11-27-2020  20:40:19         PAGE 16


SYMBOL TABLE
  LABEL                             VALUE 

GIEL                              00000006
GIE_GIEH                          00000007
GO                                00000001
GO_DONE                           00000001
GO_NOT_DONE                       00000001
HLVDCON                           00000FD2
HLVDEN                            00000004
HLVDIE                            00000002
HLVDIF                            00000002
HLVDIN                            00000005
HLVDIP                            00000002
HLVDL0                            00000000
HLVDL1                            00000001
HLVDL2                            00000002
HLVDL3                            00000003
I2C_DAT                           00000005
I2C_READ                          00000002
I2C_START                         00000003
I2C_STOP                          00000004
IDLEIE                            00000004
IDLEIF                            00000004
IDLEN                             00000007
INDF0                             00000FEF
INDF1                             00000FE7
INDF2                             00000FDF
INPUTKEY                          00000320
INT0                              00000000
INT0E                             00000004
INT0F                             00000001
INT0IE                            00000004
INT0IF                            00000001
INT1                              00000001
INT1E                             00000003
INT1F                             00000000
INT1IE                            00000003
INT1IF                            00000000
INT1IP                            00000006
INT1P                             00000006
INT2                              00000002
INT2E                             00000004
INT2F                             00000001
INT2IE                            00000004
INT2IF                            00000001
INT2IP                            00000007
INT2P                             00000007
INTCON                            00000FF2
INTCON2                           00000FF1
INTCON3                           00000FF0
INTEDG0                           00000006
INTEDG1                           00000005
INTEDG2                           00000004
INTSRC                            00000007
IOFS                              00000002
MPASM  5.51                 MDTERMPROJECT.ASM   11-27-2020  20:40:19         PAGE 17


SYMBOL TABLE
  LABEL                             VALUE 

IPEN                              00000007
IPR1                              00000F9F
IPR2                              00000FA2
IRCF0                             00000004
IRCF1                             00000005
IRCF2                             00000006
IRVST                             00000005
IVRST                             00000005
LATA                              00000F89
LATA0                             00000000
LATA1                             00000001
LATA2                             00000002
LATA3                             00000003
LATA4                             00000004
LATA5                             00000005
LATA6                             00000006
LATB                              00000F8A
LATB0                             00000000
LATB1                             00000001
LATB2                             00000002
LATB3                             00000003
LATB4                             00000004
LATB5                             00000005
LATB6                             00000006
LATB7                             00000007
LATC                              00000F8B
LATC0                             00000000
LATC1                             00000001
LATC2                             00000002
LATC6                             00000006
LATC7                             00000007
LATD                              00000F8C
LATD0                             00000000
LATD1                             00000001
LATD2                             00000002
LATD3                             00000003
LATD4                             00000004
LATD5                             00000005
LATD6                             00000006
LATD7                             00000007
LATE                              00000F8D
LATE0                             00000000
LATE1                             00000001
LATE2                             00000002
LOOP_CNT                          00000000
LOOP_CNT1                         00000001
LVDCON                            00000FD2
LVDEN                             00000004
LVDIE                             00000002
LVDIF                             00000002
LVDIN                             00000005
LVDIP                             00000002
LVDL0                             00000000
MPASM  5.51                 MDTERMPROJECT.ASM   11-27-2020  20:40:19         PAGE 18


SYMBOL TABLE
  LABEL                             VALUE 

LVDL1                             00000001
LVDL2                             00000002
LVDL3                             00000003
LVV0                              00000000
LVV1                              00000001
LVV2                              00000002
LVV3                              00000003
N                                 00000004
NINE                              000001F4
NOT_A                             00000005
NOT_ADDRESS                       00000005
NOT_BOR                           00000000
NOT_DONE                          00000001
NOT_IPEN                          00000007
NOT_PD                            00000002
NOT_POR                           00000001
NOT_RBPU                          00000007
NOT_RI                            00000004
NOT_T1SYNC                        00000002
NOT_T3SYNC                        00000002
NOT_TO                            00000003
NOT_W                             00000002
NOT_WRITE                         00000002
OERR                              00000001
OESPP                             00000002
ONE                               00000194
OSC2                              00000006
OSCCON                            00000FD3
OSCFIE                            00000007
OSCFIF                            00000007
OSCFIP                            00000007
OSCTUNE                           00000F9B
OSTS                              00000003
OV                                00000003
P                                 00000004
P1A                               00000002
P1M0                              00000006
P1M1                              00000007
PC                                00000FF9
PCFG0                             00000000
PCFG1                             00000001
PCFG2                             00000002
PCFG3                             00000003
PCL                               00000FF9
PCLATH                            00000FFA
PCLATU                            00000FFB
PD                                00000002
PDC0                              00000000
PDC1                              00000001
PDC2                              00000002
PDC3                              00000003
PDC4                              00000004
PDC5                              00000005
MPASM  5.51                 MDTERMPROJECT.ASM   11-27-2020  20:40:19         PAGE 19


SYMBOL TABLE
  LABEL                             VALUE 

PDC6                              00000006
PEIE                              00000006
PEIE_GIEL                         00000006
PEN                               00000002
PGC                               00000006
PGD                               00000007
PGM                               00000005
PIDEE                             00000000
PIDEF                             00000000
PIE1                              00000F9D
PIE2                              00000FA0
PIR1                              00000F9E
PIR2                              00000FA1
PKTDIS                            00000004
PLUSW0                            00000FEB
PLUSW1                            00000FE3
PLUSW2                            00000FDB
POR                               00000001
PORTA                             00000F80
PORTB                             00000F81
PORTC                             00000F82
PORTD                             00000F83
PORTE                             00000F84
POSTDEC0                          00000FED
POSTDEC1                          00000FE5
POSTDEC2                          00000FDD
POSTINC0                          00000FEE
POSTINC1                          00000FE6
POSTINC2                          00000FDE
PPB0                              00000000
PPB1                              00000001
PPBI                              00000001
PPBRST                            00000006
PR2                               00000FCB
PREINC0                           00000FEC
PREINC1                           00000FE4
PREINC2                           00000FDC
PROD                              00000FF3
PRODH                             00000FF4
PRODL                             00000FF3
PRSEN                             00000007
PSA                               00000003
PSSAC0                            00000002
PSSAC1                            00000003
PSSBD0                            00000000
PSSBD1                            00000001
R                                 00000002
RA0                               00000000
RA1                               00000001
RA2                               00000002
RA3                               00000003
RA4                               00000004
RA5                               00000005
MPASM  5.51                 MDTERMPROJECT.ASM   11-27-2020  20:40:19         PAGE 20


SYMBOL TABLE
  LABEL                             VALUE 

RA6                               00000006
RB0                               00000000
RB1                               00000001
RB2                               00000002
RB3                               00000003
RB4                               00000004
RB5                               00000005
RB6                               00000006
RB7                               00000007
RBIE                              00000003
RBIF                              00000000
RBIP                              00000000
RBPU                              00000007
RC0                               00000000
RC1                               00000001
RC2                               00000002
RC4                               00000004
RC5                               00000005
RC6                               00000006
RC7                               00000007
RCEN                              00000003
RCIDL                             00000006
RCIE                              00000005
RCIF                              00000005
RCIP                              00000005
RCMT                              00000006
RCON                              00000FD0
RCREG                             00000FAE
RCSTA                             00000FAB
RD                                00000000
RD0                               00000000
RD1                               00000001
RD16                              00000007
RD2                               00000002
RD3                               00000003
RD4                               00000004
RD5                               00000005
RD6                               00000006
RD7                               00000007
RDPU                              00000007
RDSPP                             00000007
RE0                               00000000
RE1                               00000001
RE2                               00000002
RE3                               00000003
READ_WRITE                        00000002
RESUME                            00000002
RI                                00000004
RSEN                              00000001
RX                                00000007
RX9                               00000006
RX9D                              00000000
RXDTP                             00000005
MPASM  5.51                 MDTERMPROJECT.ASM   11-27-2020  20:40:19         PAGE 21


SYMBOL TABLE
  LABEL                             VALUE 

R_NOT_W                           00000002
R_W                               00000002
S                                 00000003
SBOREN                            00000006
SCKP                              00000004
SCS0                              00000000
SCS1                              00000001
SE0                               00000005
SECONDLINE                        00000242
SEN                               00000000
SENDB                             00000003
SETCMD                            00000334
SEVEN                             000001DC
SHOW0                             0000024C
SHOW1                             0000025E
SHOW2                             00000270
SHOW3                             00000282
SHOW4                             00000294
SHOW5                             000002A2
SHOW6                             000002B4
SHOW7                             000002C6
SHOW8                             000002D8
SHOW9                             000002EA
SHOWSTAR                          000002FC
SHOWTAG                           0000030E
SIX                               000001D0
SMP                               00000007
SOFIE                             00000006
SOFIF                             00000006
SPBRG                             00000FAF
SPBRGH                            00000FB0
SPEN                              00000007
SPP0                              00000000
SPP1                              00000001
SPP2                              00000002
SPP3                              00000003
SPP4                              00000004
SPP5                              00000005
SPP6                              00000006
SPP7                              00000007
SPPBUSY                           00000004
SPPCFG                            00000F63
SPPCON                            00000F65
SPPDATA                           00000F62
SPPEN                             00000000
SPPEPS                            00000F64
SPPIE                             00000007
SPPIF                             00000007
SPPIP                             00000007
SPPOWN                            00000001
SREN                              00000005
SSPADD                            00000FC8
SSPBUF                            00000FC9
MPASM  5.51                 MDTERMPROJECT.ASM   11-27-2020  20:40:19         PAGE 22


SYMBOL TABLE
  LABEL                             VALUE 

SSPCON1                           00000FC6
SSPCON2                           00000FC5
SSPEN                             00000005
SSPIE                             00000003
SSPIF                             00000003
SSPIP                             00000003
SSPM0                             00000000
SSPM1                             00000001
SSPM2                             00000002
SSPM3                             00000003
SSPOV                             00000006
SSPSTAT                           00000FC7
STALLIE                           00000005
STALLIF                           00000005
STAR                              00000200
STATUS                            00000FD8
STKFUL                            00000007
STKOVF                            00000007
STKPTR                            00000FFC
STKPTR0                           00000000
STKPTR1                           00000001
STKPTR2                           00000002
STKPTR3                           00000003
STKPTR4                           00000004
STKUNF                            00000006
SUSPND                            00000001
SWDTE                             00000000
SWDTEN                            00000000
SYNC                              00000004
T08BIT                            00000006
T0CKI                             00000004
T0CON                             00000FD5
T0CS                              00000005
T0IE                              00000005
T0IF                              00000002
T0IP                              00000002
T0PS0                             00000000
T0PS1                             00000001
T0PS2                             00000002
T0SE                              00000004
T13CKI                            00000000
T1CKPS0                           00000004
T1CKPS1                           00000005
T1CON                             00000FCD
T1OSCEN                           00000003
T1OSI                             00000001
T1OSO                             00000000
T1RUN                             00000006
T1SYNC                            00000002
T2CKPS0                           00000000
T2CKPS1                           00000001
T2CON                             00000FCA
T2OUTPS0                          00000003
MPASM  5.51                 MDTERMPROJECT.ASM   11-27-2020  20:40:19         PAGE 23


SYMBOL TABLE
  LABEL                             VALUE 

T2OUTPS1                          00000004
T2OUTPS2                          00000005
T2OUTPS3                          00000006
T3CCP1                            00000003
T3CCP2                            00000006
T3CKPS0                           00000004
T3CKPS1                           00000005
T3CON                             00000FB1
T3NSYNC                           00000002
T3SYNC                            00000002
TABLAT                            00000FF5
TAG                               0000020C
TBLPTR                            00000FF6
TBLPTRH                           00000FF7
TBLPTRL                           00000FF6
TBLPTRU                           00000FF8
THREE                             000001AC
TMR0                              00000FD6
TMR0H                             00000FD7
TMR0IE                            00000005
TMR0IF                            00000002
TMR0IP                            00000002
TMR0L                             00000FD6
TMR0ON                            00000007
TMR1                              00000FCE
TMR1CS                            00000001
TMR1H                             00000FCF
TMR1IE                            00000000
TMR1IF                            00000000
TMR1IP                            00000000
TMR1L                             00000FCE
TMR1ON                            00000000
TMR2                              00000FCC
TMR2IE                            00000001
TMR2IF                            00000001
TMR2IP                            00000001
TMR2ON                            00000002
TMR3                              00000FB2
TMR3CS                            00000001
TMR3H                             00000FB3
TMR3IE                            00000001
TMR3IF                            00000001
TMR3IP                            00000001
TMR3L                             00000FB2
TMR3ON                            00000000
TO                                00000003
TOS                               00000FFD
TOSH                              00000FFE
TOSL                              00000FFD
TOSU                              00000FFF
TOUTPS0                           00000003
TOUTPS1                           00000004
TOUTPS2                           00000005
MPASM  5.51                 MDTERMPROJECT.ASM   11-27-2020  20:40:19         PAGE 24


SYMBOL TABLE
  LABEL                             VALUE 

TOUTPS3                           00000006
TRISA                             00000F92
TRISA0                            00000000
TRISA1                            00000001
TRISA2                            00000002
TRISA3                            00000003
TRISA4                            00000004
TRISA5                            00000005
TRISA6                            00000006
TRISB                             00000F93
TRISB0                            00000000
TRISB1                            00000001
TRISB2                            00000002
TRISB3                            00000003
TRISB4                            00000004
TRISB5                            00000005
TRISB6                            00000006
TRISB7                            00000007
TRISC                             00000F94
TRISC0                            00000000
TRISC1                            00000001
TRISC2                            00000002
TRISC6                            00000006
TRISC7                            00000007
TRISD                             00000F95
TRISD0                            00000000
TRISD1                            00000001
TRISD2                            00000002
TRISD3                            00000003
TRISD4                            00000004
TRISD5                            00000005
TRISD6                            00000006
TRISD7                            00000007
TRISE                             00000F96
TRISE0                            00000000
TRISE1                            00000001
TRISE2                            00000002
TRMT                              00000001
TRNIE                             00000003
TRNIF                             00000003
TUN0                              00000000
TUN1                              00000001
TUN2                              00000002
TUN3                              00000003
TUN4                              00000004
TWO                               000001A0
TX                                00000006
TX9                               00000006
TX9D                              00000000
TXCKP                             00000004
TXEN                              00000005
TXIE                              00000004
TXIF                              00000004
MPASM  5.51                 MDTERMPROJECT.ASM   11-27-2020  20:40:19         PAGE 25


SYMBOL TABLE
  LABEL                             VALUE 

TXIP                              00000004
TXREG                             00000FAD
TXSTA                             00000FAC
UA                                00000001
UADDR                             00000F6E
UCFG                              00000F6F
UCON                              00000F6D
UEIE                              00000F6B
UEIR                              00000F6A
UEP0                              00000F70
UEP1                              00000F71
UEP10                             00000F7A
UEP11                             00000F7B
UEP12                             00000F7C
UEP13                             00000F7D
UEP14                             00000F7E
UEP15                             00000F7F
UEP2                              00000F72
UEP3                              00000F73
UEP4                              00000F74
UEP5                              00000F75
UEP6                              00000F76
UEP7                              00000F77
UEP8                              00000F78
UEP9                              00000F79
UERRIE                            00000001
UERRIF                            00000001
UFRM                              00000F66
UFRMH                             00000F67
UFRML                             00000F66
UIE                               00000F69
UIR                               00000F68
UOEMON                            00000006
UPUEN                             00000004
URSTIE                            00000000
URSTIF                            00000000
USBEN                             00000003
USBIE                             00000005
USBIF                             00000005
USBIP                             00000005
USTAT                             00000F6C
UTEYE                             00000007
UTRDIS                            00000003
VCFG0                             00000004
VCFG1                             00000005
VDIRMAG                           00000007
VREFM                             00000002
VREFP                             00000003
W                                 00000000
WCOL                              00000007
WDTCON                            00000FD1
WR                                00000001
WREG                              00000FE8
MPASM  5.51                 MDTERMPROJECT.ASM   11-27-2020  20:40:19         PAGE 26


SYMBOL TABLE
  LABEL                             VALUE 

WREN                              00000002
WRERR                             00000003
WRITECMD                          00000096
WRSPP                             00000006
WS0                               00000000
WS1                               00000001
WS2                               00000002
WS3                               00000003
WUE                               00000001
Z                                 00000002
ZERO                              00000188
_BORV_0_2L                        000000E7
_BORV_1_2L                        000000EF
_BORV_2_2L                        000000F7
_BORV_3_2L                        000000FF
_BOR_OFF_2L                       000000F9
_BOR_ON_2L                        000000FF
_BOR_ON_ACTIVE_2L                 000000FD
_BOR_SOFT_2L                      000000FB
_CCP2MX_OFF_3H                    000000FE
_CCP2MX_ON_3H                     000000FF
_CONFIG1H                         00300001
_CONFIG1L                         00300000
_CONFIG2H                         00300003
_CONFIG2L                         00300002
_CONFIG3H                         00300005
_CONFIG4L                         00300006
_CONFIG5H                         00300009
_CONFIG5L                         00300008
_CONFIG6H                         0030000B
_CONFIG6L                         0030000A
_CONFIG7H                         0030000D
_CONFIG7L                         0030000C
_CP0_OFF_5L                       000000FF
_CP0_ON_5L                        000000FE
_CP1_OFF_5L                       000000FF
_CP1_ON_5L                        000000FD
_CP2_OFF_5L                       000000FF
_CP2_ON_5L                        000000FB
_CP3_OFF_5L                       000000FF
_CP3_ON_5L                        000000F7
_CPB_OFF_5H                       000000FF
_CPB_ON_5H                        000000BF
_CPD_OFF_5H                       000000FF
_CPD_ON_5H                        0000007F
_CPUDIV_OSC1_PLL2_1L              000000E7
_CPUDIV_OSC2_PLL3_1L              000000EF
_CPUDIV_OSC3_PLL4_1L              000000F7
_CPUDIV_OSC4_PLL6_1L              000000FF
_DEBUG_OFF_4L                     000000FF
_DEBUG_ON_4L                      0000007F
_DEVID1                           003FFFFE
_DEVID2                           003FFFFF
MPASM  5.51                 MDTERMPROJECT.ASM   11-27-2020  20:40:19         PAGE 27


SYMBOL TABLE
  LABEL                             VALUE 

_EBTR0_OFF_7L                     000000FF
_EBTR0_ON_7L                      000000FE
_EBTR1_OFF_7L                     000000FF
_EBTR1_ON_7L                      000000FD
_EBTR2_OFF_7L                     000000FF
_EBTR2_ON_7L                      000000FB
_EBTR3_OFF_7L                     000000FF
_EBTR3_ON_7L                      000000F7
_EBTRB_OFF_7H                     000000FF
_EBTRB_ON_7H                      000000BF
_FCMEN_OFF_1H                     000000BF
_FCMEN_ON_1H                      000000FF
_FOSC_ECIO_EC_1H                  000000F4
_FOSC_ECPLLIO_EC_1H               000000F6
_FOSC_ECPLL_EC_1H                 000000F7
_FOSC_EC_EC_1H                    000000F5
_FOSC_HSPLL_HS_1H                 000000FE
_FOSC_HS_1H                       000000FC
_FOSC_INTOSCIO_EC_1H              000000F8
_FOSC_INTOSC_EC_1H                000000F9
_FOSC_INTOSC_HS_1H                000000FB
_FOSC_INTOSC_XT_1H                000000FA
_FOSC_XTPLL_XT_1H                 000000F2
_FOSC_XT_XT_1H                    000000F0
_ICPRT_OFF_4L                     000000DF
_ICPRT_ON_4L                      000000FF
_IDLOC0                           00200000
_IDLOC1                           00200001
_IDLOC2                           00200002
_IDLOC3                           00200003
_IDLOC4                           00200004
_IDLOC5                           00200005
_IDLOC6                           00200006
_IDLOC7                           00200007
_IESO_OFF_1H                      0000007F
_IESO_ON_1H                       000000FF
_LPT1OSC_OFF_3H                   000000FB
_LPT1OSC_ON_3H                    000000FF
_LVP_OFF_4L                       000000FB
_LVP_ON_4L                        000000FF
_MCLRE_OFF_3H                     0000007F
_MCLRE_ON_3H                      000000FF
_PBADEN_OFF_3H                    000000FD
_PBADEN_ON_3H                     000000FF
_PLLDIV_10_1L                     000000FE
_PLLDIV_12_1L                     000000FF
_PLLDIV_1_1L                      000000F8
_PLLDIV_2_1L                      000000F9
_PLLDIV_3_1L                      000000FA
_PLLDIV_4_1L                      000000FB
_PLLDIV_5_1L                      000000FC
_PLLDIV_6_1L                      000000FD
_PWRT_OFF_2L                      000000FF
MPASM  5.51                 MDTERMPROJECT.ASM   11-27-2020  20:40:19         PAGE 28


SYMBOL TABLE
  LABEL                             VALUE 

_PWRT_ON_2L                       000000FE
_STVREN_OFF_4L                    000000FE
_STVREN_ON_4L                     000000FF
_USBDIV_1_1L                      000000DF
_USBDIV_2_1L                      000000FF
_VREGEN_OFF_2L                    000000DF
_VREGEN_ON_2L                     000000FF
_WDTPS_1024_2H                    000000F5
_WDTPS_128_2H                     000000EF
_WDTPS_16384_2H                   000000FD
_WDTPS_16_2H                      000000E9
_WDTPS_1_2H                       000000E1
_WDTPS_2048_2H                    000000F7
_WDTPS_256_2H                     000000F1
_WDTPS_2_2H                       000000E3
_WDTPS_32768_2H                   000000FF
_WDTPS_32_2H                      000000EB
_WDTPS_4096_2H                    000000F9
_WDTPS_4_2H                       000000E5
_WDTPS_512_2H                     000000F3
_WDTPS_64_2H                      000000ED
_WDTPS_8192_2H                    000000FB
_WDTPS_8_2H                       000000E7
_WDT_OFF_2H                       000000FE
_WDT_ON_2H                        000000FF
_WRT0_OFF_6L                      000000FF
_WRT0_ON_6L                       000000FE
_WRT1_OFF_6L                      000000FF
_WRT1_ON_6L                       000000FD
_WRT2_OFF_6L                      000000FF
_WRT2_ON_6L                       000000FB
_WRT3_OFF_6L                      000000FF
_WRT3_ON_6L                       000000F7
_WRTB_OFF_6H                      000000FF
_WRTB_ON_6H                       000000BF
_WRTC_OFF_6H                      000000FF
_WRTC_ON_6H                       000000DF
_WRTD_OFF_6H                      000000FF
_WRTD_ON_6H                       0000007F
_XINST_OFF_4L                     000000BF
_XINST_ON_4L                      000000FF
__18F4550                         00000001
__DEBUG                           1
dup_nop                           
i                                 00000061
start                             00000342

Errors   :     0
Warnings :     0 reported,     0 suppressed
Messages :     0 reported,     0 suppressed

